  같은 이름의 다른 구조체.cpp
c:\users\lim-ttotti\documents\visual studio 2017\projects\헤더파일과 구현파일\같은 이름의 다른 구조체\같은 이름의 다른 구조체.cpp(10): error C2011: 'Point': 'struct' 형식 재정의
  c:\users\lim-ttotti\documents\visual studio 2017\projects\헤더파일과 구현파일\같은 이름의 다른 구조체\point1.h(4): note: 'Point' 선언을 참조하십시오.
c:\users\lim-ttotti\documents\visual studio 2017\projects\헤더파일과 구현파일\같은 이름의 다른 구조체\같은 이름의 다른 구조체.cpp(16): error C2079: 'pt'은(는) 정의되지 않은 struct 'Point'을(를) 사용합니다.
c:\users\lim-ttotti\documents\visual studio 2017\projects\헤더파일과 구현파일\같은 이름의 다른 구조체\같은 이름의 다른 구조체.cpp(16): error C2440: '초기화 중': 'initializer list'에서 'int'(으)로 변환할 수 없습니다.
  c:\users\lim-ttotti\documents\visual studio 2017\projects\헤더파일과 구현파일\같은 이름의 다른 구조체\같은 이름의 다른 구조체.cpp(16): note: 이니셜라이저에 요소가 너무 많습니다.
c:\users\lim-ttotti\documents\visual studio 2017\projects\헤더파일과 구현파일\같은 이름의 다른 구조체\같은 이름의 다른 구조체.cpp(17): error C2664: 'void Add100(Point &)': 인수 1을(를) 'int'에서 'Point &'(으)로 변환할 수 없습니다.
c:\users\lim-ttotti\documents\visual studio 2017\projects\헤더파일과 구현파일\같은 이름의 다른 구조체\같은 이름의 다른 구조체.cpp(19): error C2228: '.x' 왼쪽에는 클래스/구조체/공용 구조체가 있어야 합니다.
  c:\users\lim-ttotti\documents\visual studio 2017\projects\헤더파일과 구현파일\같은 이름의 다른 구조체\같은 이름의 다른 구조체.cpp(19): note: 'int' 형식입니다.
c:\users\lim-ttotti\documents\visual studio 2017\projects\헤더파일과 구현파일\같은 이름의 다른 구조체\같은 이름의 다른 구조체.cpp(19): error C2228: '.y' 왼쪽에는 클래스/구조체/공용 구조체가 있어야 합니다.
  c:\users\lim-ttotti\documents\visual studio 2017\projects\헤더파일과 구현파일\같은 이름의 다른 구조체\같은 이름의 다른 구조체.cpp(19): note: 'int' 형식입니다.
  Add100.cpp
c:\users\lim-ttotti\documents\visual studio 2017\projects\헤더파일과 구현파일\같은 이름의 다른 구조체\add100.cpp(6): error C2011: 'Point': 'struct' 형식 재정의
  c:\users\lim-ttotti\documents\visual studio 2017\projects\헤더파일과 구현파일\같은 이름의 다른 구조체\point1.h(4): note: 'Point' 선언을 참조하십시오.
c:\users\lim-ttotti\documents\visual studio 2017\projects\헤더파일과 구현파일\같은 이름의 다른 구조체\add100.cpp(12): error C2027: 정의되지 않은 형식 'Point'을(를) 사용했습니다.
  c:\users\lim-ttotti\documents\visual studio 2017\projects\헤더파일과 구현파일\같은 이름의 다른 구조체\point1.h(4): note: 'Point' 선언을 참조하십시오.
c:\users\lim-ttotti\documents\visual studio 2017\projects\헤더파일과 구현파일\같은 이름의 다른 구조체\add100.cpp(12): error C2228: '.x' 왼쪽에는 클래스/구조체/공용 구조체가 있어야 합니다.
c:\users\lim-ttotti\documents\visual studio 2017\projects\헤더파일과 구현파일\같은 이름의 다른 구조체\add100.cpp(13): error C2027: 정의되지 않은 형식 'Point'을(를) 사용했습니다.
  c:\users\lim-ttotti\documents\visual studio 2017\projects\헤더파일과 구현파일\같은 이름의 다른 구조체\point1.h(4): note: 'Point' 선언을 참조하십시오.
c:\users\lim-ttotti\documents\visual studio 2017\projects\헤더파일과 구현파일\같은 이름의 다른 구조체\add100.cpp(13): error C2228: '.y' 왼쪽에는 클래스/구조체/공용 구조체가 있어야 합니다.
  코드를 생성하고 있습니다...
